academic_ponpes/app/build/intermediates/manifest_merge_blame_file/release/manifest-merger-blame-release-report.txt
1<?xml version="1.0" encoding="utf-8"?>
2<manifest xmlns:android="http://schemas.android.com/apk/res/android"
3    package="com.sourcey.materiallogindemo"
4    android:versionCode="1"
5    android:versionName="1.0" >
6
7    <uses-sdk
8        android:minSdkVersion="21"
8-->src/main/AndroidManifest.xml
9        android:targetSdkVersion="33" />
9-->src/main/AndroidManifest.xml
10
11    <uses-permission android:name="android.permission.INTERNET" />
11-->src/main/AndroidManifest.xml:5:5-67
11-->src/main/AndroidManifest.xml:5:22-64
12    <uses-permission android:name="android.permission.ACCESS_NETWORK_STATE" />
12-->[com.google.firebase:firebase-auth:21.1.0] AndroidManifest.xml:24:5-79
12-->[com.google.firebase:firebase-auth:21.1.0] AndroidManifest.xml:24:22-76
13    <uses-permission android:name="android.permission.WAKE_LOCK" />
13-->[com.google.android.gms:play-services-measurement-api:21.2.1] AndroidManifest.xml:24:5-68
13-->[com.google.android.gms:play-services-measurement-api:21.2.1] AndroidManifest.xml:24:22-65
14    <uses-permission android:name="com.google.android.finsky.permission.BIND_GET_INSTALL_REFERRER_SERVICE" />
14-->[com.google.android.gms:play-services-measurement:21.2.1] AndroidManifest.xml:26:5-110
14-->[com.google.android.gms:play-services-measurement:21.2.1] AndroidManifest.xml:26:22-107
15
16    <permission
16-->[androidx.core:core:1.9.0] AndroidManifest.xml:22:5-24:47
17        android:name="com.sourcey.materiallogindemo.DYNAMIC_RECEIVER_NOT_EXPORTED_PERMISSION"
17-->[androidx.core:core:1.9.0] AndroidManifest.xml:23:9-81
18        android:protectionLevel="signature" />
18-->[androidx.core:core:1.9.0] AndroidManifest.xml:24:9-44
19
20    <uses-permission android:name="com.sourcey.materiallogindemo.DYNAMIC_RECEIVER_NOT_EXPORTED_PERMISSION" />
20-->[androidx.core:core:1.9.0] AndroidManifest.xml:26:5-97
20-->[androidx.core:core:1.9.0] AndroidManifest.xml:26:22-94
21
22    <application
22-->src/main/AndroidManifest.xml:10:5-80:19
23        android:allowBackup="true"
23-->src/main/AndroidManifest.xml:11:9-35
24        android:appComponentFactory="androidx.core.app.CoreComponentFactory"
24-->[androidx.core:core:1.9.0] AndroidManifest.xml:28:18-86
25        android:dataExtractionRules="@xml/data_extraction_rules"
25-->src/main/AndroidManifest.xml:12:9-65
26        android:fullBackupContent="@xml/backup_rules"
26-->src/main/AndroidManifest.xml:13:9-54
27        android:icon="@mipmap/ic_launcher"
27-->src/main/AndroidManifest.xml:14:9-43
28        android:label="@string/app_name"
28-->src/main/AndroidManifest.xml:15:9-41
29        android:roundIcon="@mipmap/ic_launcher_round"
29-->src/main/AndroidManifest.xml:16:9-54
30        android:supportsRtl="true"
30-->src/main/AndroidManifest.xml:17:9-35
31        android:theme="@style/Theme.Academic_ponpes" >
31-->src/main/AndroidManifest.xml:18:9-53
32        <activity
32-->src/main/AndroidManifest.xml:20:9-26:20
33            android:name="com.sourcey.materiallogindemo.beranda.Absensi"
33-->src/main/AndroidManifest.xml:21:13-44
34            android:exported="false" >
34-->src/main/AndroidManifest.xml:22:13-37
35            <meta-data
35-->src/main/AndroidManifest.xml:23:13-25:36
36                android:name="android.app.lib_name"
36-->src/main/AndroidManifest.xml:24:17-52
37                android:value="" />
37-->src/main/AndroidManifest.xml:25:17-33
38        </activity>
39        <activity
39-->src/main/AndroidManifest.xml:27:9-33:20
40            android:name="com.sourcey.materiallogindemo.beranda.Tabungan"
40-->src/main/AndroidManifest.xml:28:13-45
41            android:exported="false" >
41-->src/main/AndroidManifest.xml:29:13-37
42            <meta-data
42-->src/main/AndroidManifest.xml:23:13-25:36
43                android:name="android.app.lib_name"
43-->src/main/AndroidManifest.xml:24:17-52
44                android:value="" />
44-->src/main/AndroidManifest.xml:25:17-33
45        </activity>
46        <activity
46-->src/main/AndroidManifest.xml:34:9-46:20
47            android:name="com.sourcey.materiallogindemo.auth.SplashScreen"
47-->src/main/AndroidManifest.xml:35:13-46
48            android:exported="true" >
48-->src/main/AndroidManifest.xml:36:13-36
49            <meta-data
49-->src/main/AndroidManifest.xml:23:13-25:36
50                android:name="android.app.lib_name"
50-->src/main/AndroidManifest.xml:24:17-52
51                android:value="" />
51-->src/main/AndroidManifest.xml:25:17-33
52
53            <intent-filter>
53-->src/main/AndroidManifest.xml:41:13-45:29
54                <action android:name="android.intent.action.MAIN" />
54-->src/main/AndroidManifest.xml:42:17-69
54-->src/main/AndroidManifest.xml:42:25-66
55
56                <category android:name="android.intent.category.LAUNCHER" />
56-->src/main/AndroidManifest.xml:44:17-77
56-->src/main/AndroidManifest.xml:44:27-74
57            </intent-filter>
58        </activity>
59        <activity
59-->src/main/AndroidManifest.xml:47:9-53:20
60            android:name="com.sourcey.materiallogindemo.siswa.SiswaActivity"
60-->src/main/AndroidManifest.xml:48:13-48
61            android:exported="false" >
61-->src/main/AndroidManifest.xml:49:13-37
62            <meta-data
62-->src/main/AndroidManifest.xml:23:13-25:36
63                android:name="android.app.lib_name"
63-->src/main/AndroidManifest.xml:24:17-52
64                android:value="" />
64-->src/main/AndroidManifest.xml:25:17-33
65        </activity>
66        <activity
66-->src/main/AndroidManifest.xml:54:9-60:20
67            android:name="com.sourcey.materiallogindemo.auth.LoginActivity"
67-->src/main/AndroidManifest.xml:55:13-47
68            android:exported="false" >
68-->src/main/AndroidManifest.xml:56:13-37
69            <meta-data
69-->src/main/AndroidManifest.xml:23:13-25:36
70                android:name="android.app.lib_name"
70-->src/main/AndroidManifest.xml:24:17-52
71                android:value="" />
71-->src/main/AndroidManifest.xml:25:17-33
72        </activity>
73        <activity
73-->src/main/AndroidManifest.xml:61:9-67:20
74            android:name="com.sourcey.materiallogindemo.MainActivity"
74-->src/main/AndroidManifest.xml:62:13-41
75            android:exported="false" >
75-->src/main/AndroidManifest.xml:63:13-37
76            <meta-data
76-->src/main/AndroidManifest.xml:23:13-25:36
77                android:name="android.app.lib_name"
77-->src/main/AndroidManifest.xml:24:17-52
78                android:value="" />
78-->src/main/AndroidManifest.xml:25:17-33
79        </activity>
80
81        <meta-data
81-->src/main/AndroidManifest.xml:69:9-71:55
82            android:name="com.facebook.sdk.ApplicationId"
82-->src/main/AndroidManifest.xml:70:13-58
83            android:value="@string/facebook_app_id" />
83-->src/main/AndroidManifest.xml:71:13-52
84        <meta-data
84-->src/main/AndroidManifest.xml:72:9-74:61
85            android:name="com.facebook.sdk.ClientToken"
85-->src/main/AndroidManifest.xml:73:13-56
86            android:value="@string/facebook_client_token" />
86-->src/main/AndroidManifest.xml:74:13-58
87
88        <activity
88-->src/main/AndroidManifest.xml:76:9-79:48
89            android:name="com.facebook.FacebookActivity"
89-->src/main/AndroidManifest.xml:77:13-57
90            android:configChanges="keyboard|keyboardHidden|screenLayout|screenSize|orientation"
90-->src/main/AndroidManifest.xml:78:13-96
91            android:label="@string/app_name"
91-->src/main/AndroidManifest.xml:79:13-45
92            android:theme="@style/com_facebook_activity_theme" />
92-->[com.facebook.android:facebook-common:14.1.0] AndroidManifest.xml:33:13-63
93
94        <service
94-->[com.google.firebase:firebase-analytics-ktx:21.2.1] AndroidManifest.xml:8:9-14:19
95            android:name="com.google.firebase.components.ComponentDiscoveryService"
95-->[com.google.firebase:firebase-analytics-ktx:21.2.1] AndroidManifest.xml:9:13-84
96            android:directBootAware="true"
96-->[com.google.firebase:firebase-common:20.3.2] AndroidManifest.xml:34:13-43
97            android:exported="false" >
97-->[com.google.firebase:firebase-analytics-ktx:21.2.1] AndroidManifest.xml:10:13-37
98            <meta-data
98-->[com.google.firebase:firebase-analytics-ktx:21.2.1] AndroidManifest.xml:11:13-13:85
99                android:name="com.google.firebase.components:com.google.firebase.analytics.ktx.FirebaseAnalyticsKtxRegistrar"
99-->[com.google.firebase:firebase-analytics-ktx:21.2.1] AndroidManifest.xml:12:17-126
100                android:value="com.google.firebase.components.ComponentRegistrar" />
100-->[com.google.firebase:firebase-analytics-ktx:21.2.1] AndroidManifest.xml:13:17-82
101            <meta-data
101-->[com.google.firebase:firebase-auth-ktx:21.1.0] AndroidManifest.xml:11:13-13:85
102                android:name="com.google.firebase.components:com.google.firebase.auth.ktx.FirebaseAuthKtxRegistrar"
102-->[com.google.firebase:firebase-auth-ktx:21.1.0] AndroidManifest.xml:12:17-116
103                android:value="com.google.firebase.components.ComponentRegistrar" />
103-->[com.google.firebase:firebase-auth-ktx:21.1.0] AndroidManifest.xml:13:17-82
104            <meta-data
104-->[com.google.firebase:firebase-common-ktx:20.3.2] AndroidManifest.xml:14:13-16:85
105                android:name="com.google.firebase.components:com.google.firebase.ktx.FirebaseCommonKtxRegistrar"
105-->[com.google.firebase:firebase-common-ktx:20.3.2] AndroidManifest.xml:15:17-113
106                android:value="com.google.firebase.components.ComponentRegistrar" />
106-->[com.google.firebase:firebase-common-ktx:20.3.2] AndroidManifest.xml:16:17-82
107            <meta-data
107-->[com.google.firebase:firebase-auth:21.1.0] AndroidManifest.xml:67:13-69:85
108                android:name="com.google.firebase.components:com.google.firebase.auth.FirebaseAuthRegistrar"
108-->[com.google.firebase:firebase-auth:21.1.0] AndroidManifest.xml:68:17-109
109                android:value="com.google.firebase.components.ComponentRegistrar" />
109-->[com.google.firebase:firebase-auth:21.1.0] AndroidManifest.xml:69:17-82
110            <meta-data
110-->[com.google.android.gms:play-services-measurement-api:21.2.1] AndroidManifest.xml:31:13-33:85
111                android:name="com.google.firebase.components:com.google.firebase.analytics.connector.internal.AnalyticsConnectorRegistrar"
111-->[com.google.android.gms:play-services-measurement-api:21.2.1] AndroidManifest.xml:32:17-139
112                android:value="com.google.firebase.components.ComponentRegistrar" />
112-->[com.google.android.gms:play-services-measurement-api:21.2.1] AndroidManifest.xml:33:17-82
113            <meta-data
113-->[com.google.firebase:firebase-installations:17.1.3] AndroidManifest.xml:17:13-19:85
114                android:name="com.google.firebase.components:com.google.firebase.installations.FirebaseInstallationsRegistrar"
114-->[com.google.firebase:firebase-installations:17.1.3] AndroidManifest.xml:18:17-127
115                android:value="com.google.firebase.components.ComponentRegistrar" />
115-->[com.google.firebase:firebase-installations:17.1.3] AndroidManifest.xml:19:17-82
116        </service>
117
118        <activity android:name="com.facebook.CustomTabMainActivity" />
118-->[com.facebook.android:facebook-common:14.1.0] AndroidManifest.xml:34:9-71
118-->[com.facebook.android:facebook-common:14.1.0] AndroidManifest.xml:34:19-68
119        <activity
119-->[com.facebook.android:facebook-common:14.1.0] AndroidManifest.xml:35:9-49:20
120            android:name="com.facebook.CustomTabActivity"
120-->[com.facebook.android:facebook-common:14.1.0] AndroidManifest.xml:36:13-58
121            android:exported="true" >
121-->[com.facebook.android:facebook-common:14.1.0] AndroidManifest.xml:37:13-36
122            <intent-filter>
122-->[com.facebook.android:facebook-common:14.1.0] AndroidManifest.xml:39:13-48:29
123                <action android:name="android.intent.action.VIEW" />
123-->[com.facebook.android:facebook-common:14.1.0] AndroidManifest.xml:40:17-69
123-->[com.facebook.android:facebook-common:14.1.0] AndroidManifest.xml:40:25-66
124
125                <category android:name="android.intent.category.DEFAULT" />
125-->[com.facebook.android:facebook-common:14.1.0] AndroidManifest.xml:42:17-76
125-->[com.facebook.android:facebook-common:14.1.0] AndroidManifest.xml:42:27-73
126                <category android:name="android.intent.category.BROWSABLE" />
126-->[com.facebook.android:facebook-common:14.1.0] AndroidManifest.xml:43:17-78
126-->[com.facebook.android:facebook-common:14.1.0] AndroidManifest.xml:43:27-75
127
128                <data
128-->[com.facebook.android:facebook-common:14.1.0] AndroidManifest.xml:45:17-47:50
129                    android:host="cct.com.sourcey.materiallogindemo"
129-->[com.facebook.android:facebook-common:14.1.0] AndroidManifest.xml:46:21-56
130                    android:scheme="fbconnect" />
130-->[com.facebook.android:facebook-common:14.1.0] AndroidManifest.xml:47:21-47
131            </intent-filter>
132        </activity>
133        <activity
133-->[com.google.android.gms:play-services-auth:20.4.1] AndroidManifest.xml:23:9-27:75
134            android:name="com.google.android.gms.auth.api.signin.internal.SignInHubActivity"
134-->[com.google.android.gms:play-services-auth:20.4.1] AndroidManifest.xml:24:13-93
135            android:excludeFromRecents="true"
135-->[com.google.android.gms:play-services-auth:20.4.1] AndroidManifest.xml:25:13-46
136            android:exported="false"
136-->[com.google.android.gms:play-services-auth:20.4.1] AndroidManifest.xml:26:13-37
137            android:theme="@android:style/Theme.Translucent.NoTitleBar" />
137-->[com.google.android.gms:play-services-auth:20.4.1] AndroidManifest.xml:27:13-72
138        <!--
139            Service handling Google Sign-In user revocation. For apps that do not integrate with
140            Google Sign-In, this service will never be started.
141        -->
142        <service
142-->[com.google.android.gms:play-services-auth:20.4.1] AndroidManifest.xml:33:9-37:51
143            android:name="com.google.android.gms.auth.api.signin.RevocationBoundService"
143-->[com.google.android.gms:play-services-auth:20.4.1] AndroidManifest.xml:34:13-89
144            android:exported="true"
144-->[com.google.android.gms:play-services-auth:20.4.1] AndroidManifest.xml:35:13-36
145            android:permission="com.google.android.gms.auth.api.signin.permission.REVOCATION_NOTIFICATION"
145-->[com.google.android.gms:play-services-auth:20.4.1] AndroidManifest.xml:36:13-107
146            android:visibleToInstantApps="true" />
146-->[com.google.android.gms:play-services-auth:20.4.1] AndroidManifest.xml:37:13-48
147
148        <activity
148-->[com.google.firebase:firebase-auth:21.1.0] AndroidManifest.xml:27:9-44:20
149            android:name="com.google.firebase.auth.internal.GenericIdpActivity"
149-->[com.google.firebase:firebase-auth:21.1.0] AndroidManifest.xml:28:13-80
150            android:excludeFromRecents="true"
150-->[com.google.firebase:firebase-auth:21.1.0] AndroidManifest.xml:29:13-46
151            android:exported="true"
151-->[com.google.firebase:firebase-auth:21.1.0] AndroidManifest.xml:30:13-36
152            android:launchMode="singleTask"
152-->[com.google.firebase:firebase-auth:21.1.0] AndroidManifest.xml:31:13-44
153            android:theme="@android:style/Theme.Translucent.NoTitleBar" >
153-->[com.google.firebase:firebase-auth:21.1.0] AndroidManifest.xml:32:13-72
154            <intent-filter>
154-->[com.google.firebase:firebase-auth:21.1.0] AndroidManifest.xml:33:13-43:29
155                <action android:name="android.intent.action.VIEW" />
155-->[com.facebook.android:facebook-common:14.1.0] AndroidManifest.xml:40:17-69
155-->[com.facebook.android:facebook-common:14.1.0] AndroidManifest.xml:40:25-66
156
157                <category android:name="android.intent.category.DEFAULT" />
157-->[com.facebook.android:facebook-common:14.1.0] AndroidManifest.xml:42:17-76
157-->[com.facebook.android:facebook-common:14.1.0] AndroidManifest.xml:42:27-73
158                <category android:name="android.intent.category.BROWSABLE" />
158-->[com.facebook.android:facebook-common:14.1.0] AndroidManifest.xml:43:17-78
158-->[com.facebook.android:facebook-common:14.1.0] AndroidManifest.xml:43:27-75
159
160                <data
160-->[com.facebook.android:facebook-common:14.1.0] AndroidManifest.xml:45:17-47:50
161                    android:host="firebase.auth"
161-->[com.facebook.android:facebook-common:14.1.0] AndroidManifest.xml:46:21-56
162                    android:path="/"
163                    android:scheme="genericidp" />
163-->[com.facebook.android:facebook-common:14.1.0] AndroidManifest.xml:47:21-47
164            </intent-filter>
165        </activity>
166        <activity
166-->[com.google.firebase:firebase-auth:21.1.0] AndroidManifest.xml:45:9-62:20
167            android:name="com.google.firebase.auth.internal.RecaptchaActivity"
167-->[com.google.firebase:firebase-auth:21.1.0] AndroidManifest.xml:46:13-79
168            android:excludeFromRecents="true"
168-->[com.google.firebase:firebase-auth:21.1.0] AndroidManifest.xml:47:13-46
169            android:exported="true"
169-->[com.google.firebase:firebase-auth:21.1.0] AndroidManifest.xml:48:13-36
170            android:launchMode="singleTask"
170-->[com.google.firebase:firebase-auth:21.1.0] AndroidManifest.xml:49:13-44
171            android:theme="@android:style/Theme.Translucent.NoTitleBar" >
171-->[com.google.firebase:firebase-auth:21.1.0] AndroidManifest.xml:50:13-72
172            <intent-filter>
172-->[com.google.firebase:firebase-auth:21.1.0] AndroidManifest.xml:51:13-61:29
173                <action android:name="android.intent.action.VIEW" />
173-->[com.facebook.android:facebook-common:14.1.0] AndroidManifest.xml:40:17-69
173-->[com.facebook.android:facebook-common:14.1.0] AndroidManifest.xml:40:25-66
174
175                <category android:name="android.intent.category.DEFAULT" />
175-->[com.facebook.android:facebook-common:14.1.0] AndroidManifest.xml:42:17-76
175-->[com.facebook.android:facebook-common:14.1.0] AndroidManifest.xml:42:27-73
176                <category android:name="android.intent.category.BROWSABLE" />
176-->[com.facebook.android:facebook-common:14.1.0] AndroidManifest.xml:43:17-78
176-->[com.facebook.android:facebook-common:14.1.0] AndroidManifest.xml:43:27-75
177
178                <data
178-->[com.facebook.android:facebook-common:14.1.0] AndroidManifest.xml:45:17-47:50
179                    android:host="firebase.auth"
179-->[com.facebook.android:facebook-common:14.1.0] AndroidManifest.xml:46:21-56
180                    android:path="/"
181                    android:scheme="recaptcha" />
181-->[com.facebook.android:facebook-common:14.1.0] AndroidManifest.xml:47:21-47
182            </intent-filter>
183        </activity>
184        <activity
184-->[com.google.android.gms:play-services-base:18.0.1] AndroidManifest.xml:20:9-22:45
185            android:name="com.google.android.gms.common.api.GoogleApiActivity"
185-->[com.google.android.gms:play-services-base:18.0.1] AndroidManifest.xml:20:19-85
186            android:exported="false"
186-->[com.google.android.gms:play-services-base:18.0.1] AndroidManifest.xml:22:19-43
187            android:theme="@android:style/Theme.Translucent.NoTitleBar" />
187-->[com.google.android.gms:play-services-base:18.0.1] AndroidManifest.xml:21:19-78
188
189        <provider
189-->[com.google.firebase:firebase-common:20.3.2] AndroidManifest.xml:25:9-30:39
190            android:name="com.google.firebase.provider.FirebaseInitProvider"
190-->[com.google.firebase:firebase-common:20.3.2] AndroidManifest.xml:26:13-77
191            android:authorities="com.sourcey.materiallogindemo.firebaseinitprovider"
191-->[com.google.firebase:firebase-common:20.3.2] AndroidManifest.xml:27:13-72
192            android:directBootAware="true"
192-->[com.google.firebase:firebase-common:20.3.2] AndroidManifest.xml:28:13-43
193            android:exported="false"
193-->[com.google.firebase:firebase-common:20.3.2] AndroidManifest.xml:29:13-37
194            android:initOrder="100" />
194-->[com.google.firebase:firebase-common:20.3.2] AndroidManifest.xml:30:13-36
195
196        <receiver
196-->[com.google.android.gms:play-services-measurement:21.2.1] AndroidManifest.xml:29:9-33:20
197            android:name="com.google.android.gms.measurement.AppMeasurementReceiver"
197-->[com.google.android.gms:play-services-measurement:21.2.1] AndroidManifest.xml:30:13-85
198            android:enabled="true"
198-->[com.google.android.gms:play-services-measurement:21.2.1] AndroidManifest.xml:31:13-35
199            android:exported="false" >
199-->[com.google.android.gms:play-services-measurement:21.2.1] AndroidManifest.xml:32:13-37
200        </receiver>
201
202        <service
202-->[com.google.android.gms:play-services-measurement:21.2.1] AndroidManifest.xml:35:9-38:40
203            android:name="com.google.android.gms.measurement.AppMeasurementService"
203-->[com.google.android.gms:play-services-measurement:21.2.1] AndroidManifest.xml:36:13-84
204            android:enabled="true"
204-->[com.google.android.gms:play-services-measurement:21.2.1] AndroidManifest.xml:37:13-35
205            android:exported="false" />
205-->[com.google.android.gms:play-services-measurement:21.2.1] AndroidManifest.xml:38:13-37
206        <service
206-->[com.google.android.gms:play-services-measurement:21.2.1] AndroidManifest.xml:39:9-43:72
207            android:name="com.google.android.gms.measurement.AppMeasurementJobService"
207-->[com.google.android.gms:play-services-measurement:21.2.1] AndroidManifest.xml:40:13-87
208            android:enabled="true"
208-->[com.google.android.gms:play-services-measurement:21.2.1] AndroidManifest.xml:41:13-35
209            android:exported="false"
209-->[com.google.android.gms:play-services-measurement:21.2.1] AndroidManifest.xml:42:13-37
210            android:permission="android.permission.BIND_JOB_SERVICE" />
210-->[com.google.android.gms:play-services-measurement:21.2.1] AndroidManifest.xml:43:13-69
211
212        <meta-data
212-->[com.google.android.gms:play-services-basement:18.1.0] AndroidManifest.xml:21:9-23:69
213            android:name="com.google.android.gms.version"
213-->[com.google.android.gms:play-services-basement:18.1.0] AndroidManifest.xml:22:13-58
214            android:value="@integer/google_play_services_version" />
214-->[com.google.android.gms:play-services-basement:18.1.0] AndroidManifest.xml:23:13-66
215        <!--
216         The initialization ContentProvider will call FacebookSdk.sdkInitialize automatically
217         with the application context. This config is merged in with the host app's manifest,
218         but there can only be one provider with the same authority activated at any given
219         point; so if the end user has two or more different apps that use Facebook SDK, only the
220         first one will be able to use the provider. To work around this problem, we use the
221         following placeholder in the authority to identify each host application as if it was
222         a completely different provider.
223        -->
224        <provider
224-->[com.facebook.android:facebook-core:14.1.0] AndroidManifest.xml:41:9-44:40
225            android:name="com.facebook.internal.FacebookInitProvider"
225-->[com.facebook.android:facebook-core:14.1.0] AndroidManifest.xml:42:13-70
226            android:authorities="com.sourcey.materiallogindemo.FacebookInitProvider"
226-->[com.facebook.android:facebook-core:14.1.0] AndroidManifest.xml:43:13-72
227            android:exported="false" />
227-->[com.facebook.android:facebook-core:14.1.0] AndroidManifest.xml:44:13-37
228
229        <receiver
229-->[com.facebook.android:facebook-core:14.1.0] AndroidManifest.xml:46:9-52:20
230            android:name="com.facebook.CurrentAccessTokenExpirationBroadcastReceiver"
230-->[com.facebook.android:facebook-core:14.1.0] AndroidManifest.xml:47:13-86
231            android:exported="false" >
231-->[com.facebook.android:facebook-core:14.1.0] AndroidManifest.xml:48:13-37
232            <intent-filter>
232-->[com.facebook.android:facebook-core:14.1.0] AndroidManifest.xml:49:13-51:29
233                <action android:name="com.facebook.sdk.ACTION_CURRENT_ACCESS_TOKEN_CHANGED" />
233-->[com.facebook.android:facebook-core:14.1.0] AndroidManifest.xml:50:17-95
233-->[com.facebook.android:facebook-core:14.1.0] AndroidManifest.xml:50:25-92
234            </intent-filter>
235        </receiver>
236        <receiver
236-->[com.facebook.android:facebook-core:14.1.0] AndroidManifest.xml:53:9-59:20
237            android:name="com.facebook.AuthenticationTokenManager$CurrentAuthenticationTokenChangedBroadcastReceiver"
237-->[com.facebook.android:facebook-core:14.1.0] AndroidManifest.xml:54:13-118
238            android:exported="false" >
238-->[com.facebook.android:facebook-core:14.1.0] AndroidManifest.xml:55:13-37
239            <intent-filter>
239-->[com.facebook.android:facebook-core:14.1.0] AndroidManifest.xml:56:13-58:29
240                <action android:name="com.facebook.sdk.ACTION_CURRENT_AUTHENTICATION_TOKEN_CHANGED" />
240-->[com.facebook.android:facebook-core:14.1.0] AndroidManifest.xml:57:17-103
240-->[com.facebook.android:facebook-core:14.1.0] AndroidManifest.xml:57:25-100
241            </intent-filter>
242        </receiver>
243
244        <uses-library
244-->[androidx.window:window:1.0.0] AndroidManifest.xml:25:9-27:40
245            android:name="androidx.window.extensions"
245-->[androidx.window:window:1.0.0] AndroidManifest.xml:26:13-54
246            android:required="false" />
246-->[androidx.window:window:1.0.0] AndroidManifest.xml:27:13-37
247        <uses-library
247-->[androidx.window:window:1.0.0] AndroidManifest.xml:28:9-30:40
248            android:name="androidx.window.sidecar"
248-->[androidx.window:window:1.0.0] AndroidManifest.xml:29:13-51
249            android:required="false" />
249-->[androidx.window:window:1.0.0] AndroidManifest.xml:30:13-37
250
251        <provider
251-->[androidx.emoji2:emoji2:1.2.0] AndroidManifest.xml:24:9-32:20
252            android:name="androidx.startup.InitializationProvider"
252-->[androidx.emoji2:emoji2:1.2.0] AndroidManifest.xml:25:13-67
253            android:authorities="com.sourcey.materiallogindemo.androidx-startup"
253-->[androidx.emoji2:emoji2:1.2.0] AndroidManifest.xml:26:13-68
254            android:exported="false" >
254-->[androidx.emoji2:emoji2:1.2.0] AndroidManifest.xml:27:13-37
255            <meta-data
255-->[androidx.emoji2:emoji2:1.2.0] AndroidManifest.xml:29:13-31:52
256                android:name="androidx.emoji2.text.EmojiCompatInitializer"
256-->[androidx.emoji2:emoji2:1.2.0] AndroidManifest.xml:30:17-75
257                android:value="androidx.startup" />
257-->[androidx.emoji2:emoji2:1.2.0] AndroidManifest.xml:31:17-49
258            <meta-data
258-->[androidx.lifecycle:lifecycle-process:2.4.1] AndroidManifest.xml:31:13-33:52
259                android:name="androidx.lifecycle.ProcessLifecycleInitializer"
259-->[androidx.lifecycle:lifecycle-process:2.4.1] AndroidManifest.xml:32:17-78
260                android:value="androidx.startup" />
260-->[androidx.lifecycle:lifecycle-process:2.4.1] AndroidManifest.xml:33:17-49
261        </provider>
262        <provider
262-->[com.squareup.picasso:picasso:2.8] AndroidManifest.xml:8:9-11:40
263            android:name="com.squareup.picasso.PicassoProvider"
263-->[com.squareup.picasso:picasso:2.8] AndroidManifest.xml:9:13-64
264            android:authorities="com.sourcey.materiallogindemo.com.squareup.picasso"
264-->[com.squareup.picasso:picasso:2.8] AndroidManifest.xml:10:13-72
265            android:exported="false" />
265-->[com.squareup.picasso:picasso:2.8] AndroidManifest.xml:11:13-37
266    </application>
267
268</manifest>